<?xml version="1.0" encoding="UTF-8"?>
<!-- Generated by org.testng.reporters.JUnitReportReporter -->
<testsuite hostname="DESKTOP-CCPG5IB" failures="0" tests="1" name="Nlr.Mychoice" time="42.053" errors="0" timestamp="2022-03-21T14:31:49 IST" skipped="0">
  <testcase classname="Nlr.Mychoice" name="login" time="42.053"/>
  <system-out/>
</testsuite> <!-- Nlr.Mychoice -->
